{
  "stats": {
    "suites": 1,
    "tests": 1,
    "passes": 1,
    "pending": 0,
    "failures": 0,
    "start": "2020-10-11T07:53:41.004Z",
    "end": "2020-10-11T07:53:56.725Z",
    "duration": 15721,
    "testsRegistered": 1,
    "passPercent": 100,
    "pendingPercent": 0,
    "other": 0,
    "hasOther": false,
    "skipped": 0,
    "hasSkipped": false
  },
  "results": [
    {
      "uuid": "7a2c6d4a-a2df-4ebb-897f-a40f824eab4a",
      "title": "",
      "fullFile": "cypress/integration/cadastro.spec.js",
      "file": "cypress/integration/cadastro.spec.js",
      "beforeHooks": [],
      "afterHooks": [],
      "tests": [],
      "suites": [
        {
          "uuid": "eaba1638-0a46-4c7e-a62a-3c075516e312",
          "title": "Cadastro",
          "fullFile": "",
          "file": "",
          "beforeHooks": [],
          "afterHooks": [],
          "tests": [
            {
              "title": "Cadastro de usuário 01",
              "fullTitle": "Cadastro Cadastro de usuário 01",
              "timedOut": null,
              "duration": 15649,
              "state": "passed",
              "speed": "slow",
              "pass": true,
              "fail": false,
              "pending": false,
              "context": null,
              "code": "cy.visit('/'); //button signIn home\ncy.get('a[class=\"login\"]').click(); //field mail - SigIn Page\ncy.get('input#email_create').type(chance.email());\ncy.get('button#SubmitCreate').click();\ncy.get('input#id_gender1').check();\ncy.get('input#customer_firstname').type(chance.first());\ncy.get('input#customer_lastname').type(chance.last());\ncy.get('input#email').clear().type(chance.email());\ncy.get('input#passwd').type('abgail@123');\ncy.get('select#days').select('13');\ncy.get('select#months').select(chance.month());\ncy.get('select#years').select(chance.year({\n  min: 1980,\n  max: 2000\n}));\ncy.get('input#optin').check();\ncy.get('input#firstname').type(chance.first());\ncy.get('input#lastname').type(chance.last());\ncy.get('input#company').type(chance.company());\ncy.get('input#address1').type(chance.address());\ncy.get('input#address2').type(chance.street());\ncy.get('input#city').type(chance.city());\ncy.get('select#id_country').select('United States');\ncy.get('select[name=id_state]').select('New York');\ncy.get('input#postcode').type(chance.zip());\ncy.get('textarea#other').type(chance.sentence());\ncy.get('input#phone').type(chance.phone({\n  country: 'us'\n}));\ncy.get('input#phone_mobile').type(chance.phone({\n  country: 'us',\n  mobile: false\n}));\ncy.get('input#alias').clear().type(chance.word());\ncy.get('button#submitAccount').click();\ncy.url().should('contain', 'controller=my-account');\ncy.get('p[class=info-account]').should('contain', 'Welcome to your account. Here you can manage all of your personal information and orders.');",
              "err": {},
              "uuid": "240ca239-92a6-41a2-8fc8-6296b505d888",
              "parentUUID": "eaba1638-0a46-4c7e-a62a-3c075516e312",
              "isHook": false,
              "skipped": false
            }
          ],
          "suites": [],
          "passes": [
            "240ca239-92a6-41a2-8fc8-6296b505d888"
          ],
          "failures": [],
          "pending": [],
          "skipped": [],
          "duration": 15649,
          "root": false,
          "rootEmpty": false,
          "_timeout": 2000
        }
      ],
      "passes": [],
      "failures": [],
      "pending": [],
      "skipped": [],
      "duration": 0,
      "root": true,
      "rootEmpty": true,
      "_timeout": 2000
    }
  ],
  "meta": {
    "mocha": {
      "version": "7.0.1"
    },
    "mochawesome": {
      "options": {
        "quiet": true,
        "reportFilename": "mochawesome",
        "saveHtml": false,
        "saveJson": true,
        "consoleReporter": "spec",
        "useInlineDiffs": false,
        "code": true
      },
      "version": "6.1.1"
    },
    "marge": {
      "options": {
        "id": "default",
        "reporterDir": "mochawesome-report",
        "quiet": true,
        "overwrite": false,
        "html": false,
        "json": true
      },
      "version": "5.1.0"
    }
  }
}